=== Image optimisations ===

=== Estimated memory usages ===

For chip:
Map gfx (Panel: scorpion_eng_splashscreen): 35158
Music memory (): 0
BP Buffer memory: 110000
core sfx/gfx memory: 21180
Parallax memory: 57600
OS/other estimated: 99328

For other:
Map cache memory: 396
Map header cache memory: 396
Map data memory: 4916
Map background memory: 2116
EXE memory: 210372
vm memory: 59756
project memory: 5266
memory reserved for active actors on screen (32): 4744
memory reserved for dormant actors in map (256): 9216
OS/other estimated: 105472

Accounted memory chip: 428738
Accounted memory other: 297178
Accounted memory total: 725916

=== Misc ===
Maps and Asset Bundles Count: 7
Maps and Asset Bundles Data Size: 84
Actor Count: 6
Actor Data Size: 1128
Block Count: 12
Block Data Size: 816
Anim5 Count: 0
Anim5 Data Size: 0
Sound Count: 1
Sound Data Size: 28
Teleporter Count: 1
Teleporter Data Size: 8
Animations Count: 17
Animations Data Size: 272
AnimationFrame Count: 56
AnimationFrame Data Size: 896
ImageFrames: 44
ImageFrame Data Size: 1936
Sprites: 1
Sprites Data Size: 14
Attack Data: 1
Attack Data Size: 66
Misc data size: 16
Panel scorpion_eng_splashscreen Original size 35158 Crunched size 3258
Header data for map level00 Original size 7992 Crunched size 234
Tile data for map level00 (mem restrictions:None) Original size 4820 Crunched size 376
Background for map level00 Original size 2116 Crunched size 554
Parallax for map level00 Original size 57600 Crunched size 2762
Header data for map level01 Original size 7992 Crunched size 244
Tile data for map level01 (mem restrictions:None) Original size 4916 Crunched size 396
Background for map level01 Original size 1396 Crunched size 82
Header data for map level02 Original size 7992 Crunched size 240
Tile data for map level02 (mem restrictions:None) Original size 4820 Crunched size 284
Background for map level02 Original size 1396 Crunched size 82
Header data for map level03 Original size 7992 Crunched size 244
Tile data for map level03 (mem restrictions:None) Original size 4916 Crunched size 374
Background for map level03 Original size 1396 Crunched size 82
Header data for map level04 Original size 7992 Crunched size 242
Tile data for map level04 (mem restrictions:None) Original size 4916 Crunched size 376
Background for map level04 Original size 1396 Crunched size 82
Header data for map level99 Original size 7992 Crunched size 236
Tile data for map level99 (mem restrictions:None) Original size 4820 Crunched size 270
Background for map level99 Original size 1492 Crunched size 408
Parallax for map level99 Original size 57600 Crunched size 2762
Asset bundle 0 (Core project asset bundle) Original size 21180 Crunched size 4920
Asset bundle 1 (level00) Original size 3532 Crunched size 1014
Asset bundle 6 (level99) Original size 320 Crunched size 114
Project Header Original size 4032 Crunched size 1200
Project Data Original size 5266 Crunched size 1436
Project virtual machine (codeblocks) Original size 59756 Crunched size 12078
Project virtual machine redirects Original size 228 Crunched size 222

=== Possibly unused blocks ===
block_fire_2
block_fire_3
block_fire_4

=== Codeblocks by compiled size ===
try_push_block: 4818
load_level: 4556
pre_startup: 3072
block_stop: 2676
pause: 2590
set_yresolution: 2530 (Unused?)
waitforframes: 2044
AUTOGEN_OUTOFSCREEN_try_next_level_try_next_level_try_next_level_try_next_level: 1858
flipscreen_smooth: 1746 (Unused?)
do_teleport: 1682
flipxymove: 1616 (Unused?)
restartlevel: 1436
snap_to_screen: 1124 (Unused?)
load_music: 1094 (Unused?)
load_panel: 1054
try_present_hit_target: 942
unload_panel: 934
destroy_all_blocks: 874 (Unused?)
fadein: 858
unload_level: 790
flipymove: 778 (Unused?)
load_panel_bottom: 770 (Unused?)
pre_quit: 762
waitforfireup: 762
waitforfiredown: 760
block_exit_level: 756
load_panel_top: 740 (Unused?)
flipxmove: 672 (Unused?)
fadeout: 658
pre_load_level: 588
try_crush_reindeer: 540
load_music_finish: 536
santa_update_handler: 530
unload_panel_bottom: 482
go_to_next_level: 480
unload_panel_top: 464
present_right: 432
present_down: 428
present_left: 428
load_panel_finish: 408
startup: 402
puff_of_smoke_end: 396
waitforfirehit: 394
AUTOGEN_OUTOFSCREEN_None_None_None_restartlevel: 390
rudolph_at_exit: 382
try_next_level: 366
destroy_child_actors: 346 (Unused?)
pre_anim5: 344 (Unused?)
wrap_screen_bottom: 344 (Unused?)
wrap_screen_right: 340 (Unused?)
wrap_screen_left: 326 (Unused?)
wrap_screen_top: 324 (Unused?)
convert_block_to_present: 306
convert_present_to_block: 304
block_coll_passthru: 276
block_coll_force: 268 (Unused?)
regenerate_screen_wait: 258
regenerate_screen: 254
autogen_rudolph_falling_r_0: 220
autogen_rudolph_falling_l_0: 220
vm_constants_tile_properties: 202 (Unused?)
destroy_all_actors: 182 (Unused?)
flipscreen: 182 (Unused?)
moving_block_collision: 160
jump_actor: 154 (Unused?)
santa_hit_fire: 152
fall_straight_down: 150
quit: 140 (Unused?)
resume_movement: 140
destroy_block: 132 (Unused?)
debug_breakpoint: 128 (Unused?)
destroy_actor: 122
return: 106 (Unused?)
vm_registers: 26 (Unused?)
vm_constants: 26 (Unused?)
vm_constants_audiodriver: 26 (Unused?)
vm_constants_controlbits: 26 (Unused?)
vm_constants_notes: 26 (Unused?)
vm_constants_platform: 26 (Unused?)
